<?xml version="1.0" encoding="UTF-8"?>
<testsuite xmlns:xsi="http://www.w3.org/2001/XMLSchema-instance" xsi:noNamespaceSchemaLocation="https://maven.apache.org/surefire/maven-surefire-plugin/xsd/surefire-test-report.xsd" name="com.ucab.cmcapp.common.entities.EventoTest" time="0.007" tests="11" errors="0" skipped="0" failures="0">
  <properties>
[...]
</properties>
  <testcase name="get_id_evento" classname="com.ucab.cmcapp.common.entities.EventoTest" time="0"/>
  <testcase name="set_id_evento" classname="com.ucab.cmcapp.common.entities.EventoTest" time="0"/>
  <testcase name="set_fecha" classname="com.ucab.cmcapp.common.entities.EventoTest" time="0"/>
  <testcase name="get_fecha" classname="com.ucab.cmcapp.common.entities.EventoTest" time="0.001"/>
  <testcase name="get_id_dispositivo" classname="com.ucab.cmcapp.common.entities.EventoTest" time="0.001"/>
  <testcase name="set_hora" classname="com.ucab.cmcapp.common.entities.EventoTest" time="0"/>
  <testcase name="set_tipo" classname="com.ucab.cmcapp.common.entities.EventoTest" time="0"/>
  <testcase name="constructorEvento" classname="com.ucab.cmcapp.common.entities.EventoTest" time="0"/>
  <testcase name="get_hora" classname="com.ucab.cmcapp.common.entities.EventoTest" time="0.001"/>
  <testcase name="get_tipo" classname="com.ucab.cmcapp.common.entities.EventoTest" time="0"/>
  <testcase name="set_id_dispositivo" classname="com.ucab.cmcapp.common.entities.EventoTest" time="0.001"/>
</testsuite>